<?xml version="1.0" encoding="UTF-8"?>
<!-- Generated by org.testng.reporters.JUnitXMLReporter -->
<testsuite hostname="Kishans-MacBook-Air.local" ignored="0" name="Command line test" tests="2" failures="0" timestamp="19 Apr 2019 02:29:40 GMT" time="51.764" errors="0">
  <testcase name="EthocaChallenge" time="19.246" classname="com.ethoca.automation.challenge.testngMaven.TestNgExample"/>
  <testcase name="EthocaChallenge" time="19.149" classname="com.ethoca.automation.challenge.testngMaven.EthocaTestCase"/>
</testsuite> <!-- Command line test -->
