<?xml version="1.0" encoding="UTF-8"?>
<testng-results skipped="0" failed="0" ignored="0" total="1" passed="1">
  <reporter-output>
  </reporter-output>
  <suite name="EthocaChallenge" duration-ms="30103" started-at="2019-04-20T04:07:59Z" finished-at="2019-04-20T04:08:30Z">
    <groups>
    </groups>
    <test name="Ethoca Test Case" duration-ms="30103" started-at="2019-04-20T04:07:59Z" finished-at="2019-04-20T04:08:30Z">
      <class name="com.ethoca.automation.challenge.testngMaven.EthocaTestCase">
        <test-method status="PASS" signature="chromderiverSetup()[pri:0, instance:com.ethoca.automation.challenge.testngMaven.EthocaTestCase@5e025e70]" name="chromderiverSetup" is-config="true" duration-ms="16" started-at="2019-04-20T00:07:59Z" finished-at="2019-04-20T00:07:59Z">
          <reporter-output>
          </reporter-output>
        </test-method> <!-- chromderiverSetup -->
        <test-method status="PASS" signature="setupExpectedResults()[pri:0, instance:com.ethoca.automation.challenge.testngMaven.EthocaTestCase@5e025e70]" name="setupExpectedResults" is-config="true" duration-ms="9123" started-at="2019-04-20T00:07:59Z" finished-at="2019-04-20T00:08:09Z">
          <reporter-output>
          </reporter-output>
        </test-method> <!-- setupExpectedResults -->
        <test-method status="PASS" signature="EthocaChallenge()[pri:0, instance:com.ethoca.automation.challenge.testngMaven.EthocaTestCase@5e025e70]" name="EthocaChallenge" duration-ms="20787" started-at="2019-04-20T00:08:09Z" finished-at="2019-04-20T00:08:29Z">
          <reporter-output>
          </reporter-output>
        </test-method> <!-- EthocaChallenge -->
        <test-method status="PASS" signature="closeBrowser()[pri:0, instance:com.ethoca.automation.challenge.testngMaven.EthocaTestCase@5e025e70]" name="closeBrowser" is-config="true" duration-ms="161" started-at="2019-04-20T00:08:29Z" finished-at="2019-04-20T00:08:30Z">
          <reporter-output>
          </reporter-output>
        </test-method> <!-- closeBrowser -->
      </class> <!-- com.ethoca.automation.challenge.testngMaven.EthocaTestCase -->
    </test> <!-- Ethoca Test Case -->
  </suite> <!-- EthocaChallenge -->
</testng-results>
