<?xml version="1.0" encoding="UTF-8"?>
<testng-results skipped="0" failed="0" ignored="0" total="1" passed="1">
  <reporter-output>
  </reporter-output>
  <suite name="EthocaChallenge" duration-ms="28833" started-at="2019-04-19T16:00:15Z" finished-at="2019-04-19T16:00:44Z">
    <groups>
    </groups>
    <test name="Ethoca Test Case" duration-ms="28833" started-at="2019-04-19T16:00:15Z" finished-at="2019-04-19T16:00:44Z">
      <class name="com.ethoca.automation.challenge.testngMaven.EthocaTestCase">
        <test-method status="PASS" signature="chromderiverSetup()[pri:0, instance:com.ethoca.automation.challenge.testngMaven.EthocaTestCase@4cc0edeb]" name="chromderiverSetup" is-config="true" duration-ms="16" started-at="2019-04-19T12:00:15Z" finished-at="2019-04-19T12:00:15Z">
          <reporter-output>
          </reporter-output>
        </test-method> <!-- chromderiverSetup -->
        <test-method status="PASS" signature="setupExpectedResults()[pri:0, instance:com.ethoca.automation.challenge.testngMaven.EthocaTestCase@4cc0edeb]" name="setupExpectedResults" is-config="true" duration-ms="9063" started-at="2019-04-19T12:00:15Z" finished-at="2019-04-19T12:00:24Z">
          <reporter-output>
          </reporter-output>
        </test-method> <!-- setupExpectedResults -->
        <test-method status="PASS" signature="EthocaChallenge()[pri:0, instance:com.ethoca.automation.challenge.testngMaven.EthocaTestCase@4cc0edeb]" name="EthocaChallenge" duration-ms="19541" started-at="2019-04-19T12:00:24Z" finished-at="2019-04-19T12:00:43Z">
          <reporter-output>
          </reporter-output>
        </test-method> <!-- EthocaChallenge -->
        <test-method status="PASS" signature="closeBrowser()[pri:0, instance:com.ethoca.automation.challenge.testngMaven.EthocaTestCase@4cc0edeb]" name="closeBrowser" is-config="true" duration-ms="194" started-at="2019-04-19T12:00:43Z" finished-at="2019-04-19T12:00:44Z">
          <reporter-output>
          </reporter-output>
        </test-method> <!-- closeBrowser -->
      </class> <!-- com.ethoca.automation.challenge.testngMaven.EthocaTestCase -->
    </test> <!-- Ethoca Test Case -->
  </suite> <!-- EthocaChallenge -->
</testng-results>
