<?xml version="1.0" encoding="UTF-8"?>
<testng-results skipped="0" failed="0" ignored="0" total="1" passed="1">
  <reporter-output>
  </reporter-output>
  <suite name="Default suite" duration-ms="16092" started-at="2019-04-20T16:32:15Z" finished-at="2019-04-20T16:32:31Z">
    <groups>
    </groups>
    <test name="Default test" duration-ms="16092" started-at="2019-04-20T16:32:15Z" finished-at="2019-04-20T16:32:31Z">
      <class name="com.ethoca.automation.challenge.testngMaven.EthocaTestCase">
        <test-method status="PASS" signature="chromderiverSetup()[pri:0, instance:com.ethoca.automation.challenge.testngMaven.EthocaTestCase@659a969b]" name="chromderiverSetup" is-config="true" duration-ms="17" started-at="2019-04-20T12:32:15Z" finished-at="2019-04-20T12:32:15Z">
          <reporter-output>
          </reporter-output>
        </test-method> <!-- chromderiverSetup -->
        <test-method status="PASS" signature="setupExpectedResults()[pri:0, instance:com.ethoca.automation.challenge.testngMaven.EthocaTestCase@659a969b]" name="setupExpectedResults" is-config="true" duration-ms="8867" started-at="2019-04-20T12:32:15Z" finished-at="2019-04-20T12:32:24Z">
          <reporter-output>
          </reporter-output>
        </test-method> <!-- setupExpectedResults -->
        <test-method status="PASS" signature="EthocaChallenge()[pri:0, instance:com.ethoca.automation.challenge.testngMaven.EthocaTestCase@659a969b]" name="EthocaChallenge" duration-ms="6983" started-at="2019-04-20T12:32:24Z" finished-at="2019-04-20T12:32:31Z">
          <reporter-output>
          </reporter-output>
        </test-method> <!-- EthocaChallenge -->
        <test-method status="PASS" signature="closeBrowser()[pri:0, instance:com.ethoca.automation.challenge.testngMaven.EthocaTestCase@659a969b]" name="closeBrowser" is-config="true" duration-ms="199" started-at="2019-04-20T12:32:31Z" finished-at="2019-04-20T12:32:31Z">
          <reporter-output>
          </reporter-output>
        </test-method> <!-- closeBrowser -->
      </class> <!-- com.ethoca.automation.challenge.testngMaven.EthocaTestCase -->
    </test> <!-- Default test -->
  </suite> <!-- Default suite -->
</testng-results>
