<?xml version="1.0" encoding="UTF-8"?>
<testng-results skipped="0" failed="0" ignored="0" total="1" passed="1">
  <reporter-output>
  </reporter-output>
  <suite name="EthocaChallenge" duration-ms="27517" started-at="2019-04-19T02:38:10Z" finished-at="2019-04-19T02:38:38Z">
    <groups>
    </groups>
    <test name="Test 1" duration-ms="27517" started-at="2019-04-19T02:38:10Z" finished-at="2019-04-19T02:38:38Z">
      <class name="com.ethoca.automation.challenge.testngMaven.EthocaTestCase">
        <test-method status="PASS" signature="chromderiverSetup()[pri:0, instance:com.ethoca.automation.challenge.testngMaven.EthocaTestCase@7823a2f9]" name="chromderiverSetup" is-config="true" duration-ms="15" started-at="2019-04-18T22:38:10Z" finished-at="2019-04-18T22:38:10Z">
          <reporter-output>
          </reporter-output>
        </test-method> <!-- chromderiverSetup -->
        <test-method status="PASS" signature="setupExpectedResults()[pri:0, instance:com.ethoca.automation.challenge.testngMaven.EthocaTestCase@7823a2f9]" name="setupExpectedResults" is-config="true" duration-ms="7445" started-at="2019-04-18T22:38:10Z" finished-at="2019-04-18T22:38:18Z">
          <reporter-output>
          </reporter-output>
        </test-method> <!-- setupExpectedResults -->
        <test-method status="PASS" signature="EthocaChallenge()[pri:0, instance:com.ethoca.automation.challenge.testngMaven.EthocaTestCase@7823a2f9]" name="EthocaChallenge" duration-ms="19817" started-at="2019-04-18T22:38:18Z" finished-at="2019-04-18T22:38:38Z">
          <reporter-output>
          </reporter-output>
        </test-method> <!-- EthocaChallenge -->
        <test-method status="PASS" signature="closeBrowser()[pri:0, instance:com.ethoca.automation.challenge.testngMaven.EthocaTestCase@7823a2f9]" name="closeBrowser" is-config="true" duration-ms="220" started-at="2019-04-18T22:38:38Z" finished-at="2019-04-18T22:38:38Z">
          <reporter-output>
          </reporter-output>
        </test-method> <!-- closeBrowser -->
      </class> <!-- com.ethoca.automation.challenge.testngMaven.EthocaTestCase -->
    </test> <!-- Test 1 -->
  </suite> <!-- EthocaChallenge -->
</testng-results>
