<?xml version="1.0" encoding="UTF-8"?>
<testng-results skipped="0" failed="0" ignored="0" total="1" passed="1">
  <reporter-output>
  </reporter-output>
  <suite name="Default suite" duration-ms="28125" started-at="2019-04-18T19:35:12Z" finished-at="2019-04-18T19:35:40Z">
    <groups>
    </groups>
    <test name="Default test" duration-ms="28125" started-at="2019-04-18T19:35:12Z" finished-at="2019-04-18T19:35:40Z">
      <class name="com.ethoca.automation.challenge.testngMaven.TestNgExample">
        <test-method status="PASS" signature="chromderiverSetup()[pri:0, instance:com.ethoca.automation.challenge.testngMaven.TestNgExample@5d5eef3d]" name="chromderiverSetup" is-config="true" duration-ms="8" started-at="2019-04-18T15:35:12Z" finished-at="2019-04-18T15:35:12Z">
          <reporter-output>
          </reporter-output>
        </test-method> <!-- chromderiverSetup -->
        <test-method status="PASS" signature="setupExpectedResults()[pri:0, instance:com.ethoca.automation.challenge.testngMaven.TestNgExample@5d5eef3d]" name="setupExpectedResults" is-config="true" duration-ms="7464" started-at="2019-04-18T15:35:12Z" finished-at="2019-04-18T15:35:19Z">
          <reporter-output>
          </reporter-output>
        </test-method> <!-- setupExpectedResults -->
        <test-method status="PASS" signature="EthocaChallenge()[pri:0, instance:com.ethoca.automation.challenge.testngMaven.TestNgExample@5d5eef3d]" name="EthocaChallenge" duration-ms="19537" started-at="2019-04-18T15:35:19Z" finished-at="2019-04-18T15:35:39Z">
          <reporter-output>
          </reporter-output>
        </test-method> <!-- EthocaChallenge -->
        <test-method status="PASS" signature="closeBrowser()[pri:0, instance:com.ethoca.automation.challenge.testngMaven.TestNgExample@5d5eef3d]" name="closeBrowser" is-config="true" duration-ms="1104" started-at="2019-04-18T15:35:39Z" finished-at="2019-04-18T15:35:40Z">
          <reporter-output>
          </reporter-output>
        </test-method> <!-- closeBrowser -->
      </class> <!-- com.ethoca.automation.challenge.testngMaven.TestNgExample -->
    </test> <!-- Default test -->
  </suite> <!-- Default suite -->
</testng-results>
