<?xml version="1.0" encoding="UTF-8"?>
<testng-results skipped="0" failed="0" ignored="0" total="1" passed="1">
  <reporter-output>
  </reporter-output>
  <suite name="Default suite" duration-ms="26991" started-at="2019-04-18T21:15:57Z" finished-at="2019-04-18T21:16:24Z">
    <groups>
    </groups>
    <test name="Default test" duration-ms="26991" started-at="2019-04-18T21:15:57Z" finished-at="2019-04-18T21:16:24Z">
      <class name="com.ethoca.automation.challenge.testngMaven.TestNgExample">
        <test-method status="PASS" signature="chromderiverSetup()[pri:0, instance:com.ethoca.automation.challenge.testngMaven.TestNgExample@735b5592]" name="chromderiverSetup" is-config="true" duration-ms="11" started-at="2019-04-18T17:15:57Z" finished-at="2019-04-18T17:15:57Z">
          <reporter-output>
          </reporter-output>
        </test-method> <!-- chromderiverSetup -->
        <test-method status="PASS" signature="setupExpectedResults()[pri:0, instance:com.ethoca.automation.challenge.testngMaven.TestNgExample@735b5592]" name="setupExpectedResults" is-config="true" duration-ms="8239" started-at="2019-04-18T17:15:57Z" finished-at="2019-04-18T17:16:05Z">
          <reporter-output>
          </reporter-output>
        </test-method> <!-- setupExpectedResults -->
        <test-method status="PASS" signature="EthocaChallenge()[pri:0, instance:com.ethoca.automation.challenge.testngMaven.TestNgExample@735b5592]" name="EthocaChallenge" duration-ms="17623" started-at="2019-04-18T17:16:05Z" finished-at="2019-04-18T17:16:22Z">
          <reporter-output>
          </reporter-output>
        </test-method> <!-- EthocaChallenge -->
        <test-method status="PASS" signature="closeBrowser()[pri:0, instance:com.ethoca.automation.challenge.testngMaven.TestNgExample@735b5592]" name="closeBrowser" is-config="true" duration-ms="1108" started-at="2019-04-18T17:16:22Z" finished-at="2019-04-18T17:16:24Z">
          <reporter-output>
          </reporter-output>
        </test-method> <!-- closeBrowser -->
      </class> <!-- com.ethoca.automation.challenge.testngMaven.TestNgExample -->
    </test> <!-- Default test -->
  </suite> <!-- Default suite -->
</testng-results>
